<?xml version="1.0" encoding="UTF-8"?>
<!-- Generated by org.testng.reporters.JUnitReportReporter -->
<testsuite hostname="EmmyRayMBP.fritz.box" failures="0" tests="1" name="org.api1.HTTPRequests" time="2.455" errors="0" timestamp="2024-03-05T13:53:49 CET" skipped="0">
  <testcase classname="org.api1.HTTPRequests" name="updateUsers" time="2.455"/>
</testsuite> <!-- org.api1.HTTPRequests -->
